c:\dev\gameengine\sandbox\bin\intermediates\debug\vc143.pdb
c:\dev\gameengine\sandbox\bin\intermediates\debug\vc143.idb
c:\dev\gameengine\sandbox\bin\intermediates\debug\sandboxlayer.obj
c:\dev\gameengine\sandbox\bin\intermediates\debug\main.obj
c:\dev\gameengine\sandbox\bin\intermediates\debug\sandboxlayer.obj.enc
c:\dev\gameengine\sandbox\bin\intermediates\debug\sandbox.tlog\cl.command.1.tlog
c:\dev\gameengine\sandbox\bin\intermediates\debug\sandbox.tlog\cl.items.tlog
c:\dev\gameengine\sandbox\bin\intermediates\debug\sandbox.tlog\cl.read.1.tlog
c:\dev\gameengine\sandbox\bin\intermediates\debug\sandbox.tlog\cl.write.1.tlog
c:\dev\gameengine\sandbox\bin\intermediates\debug\sandbox.tlog\link-cvtres.read.1.tlog
c:\dev\gameengine\sandbox\bin\intermediates\debug\sandbox.tlog\link-cvtres.write.1.tlog
c:\dev\gameengine\sandbox\bin\intermediates\debug\sandbox.tlog\link-rc.read.1.tlog
c:\dev\gameengine\sandbox\bin\intermediates\debug\sandbox.tlog\link-rc.write.1.tlog
c:\dev\gameengine\sandbox\bin\intermediates\debug\sandbox.tlog\link.18140-cvtres.read.1.tlog
c:\dev\gameengine\sandbox\bin\intermediates\debug\sandbox.tlog\link.18140-cvtres.write.1.tlog
c:\dev\gameengine\sandbox\bin\intermediates\debug\sandbox.tlog\link.18140-rc.read.1.tlog
c:\dev\gameengine\sandbox\bin\intermediates\debug\sandbox.tlog\link.18140-rc.write.1.tlog
c:\dev\gameengine\sandbox\bin\intermediates\debug\sandbox.tlog\link.18140.read.1.tlog
c:\dev\gameengine\sandbox\bin\intermediates\debug\sandbox.tlog\link.18140.write.1.tlog
c:\dev\gameengine\sandbox\bin\intermediates\debug\sandbox.tlog\link.command.1.tlog
c:\dev\gameengine\sandbox\bin\intermediates\debug\sandbox.tlog\link.read.1.tlog
c:\dev\gameengine\sandbox\bin\intermediates\debug\sandbox.tlog\link.write.1.tlog
