assimp.lib(Importer.obj) : error LNK2038: mismatch detected for '_ITERATOR_DEBUG_LEVEL': value '2' doesn't match value '0' in Main.obj
assimp.lib(Importer.obj) : error LNK2038: mismatch detected for 'RuntimeLibrary': value 'MDd_DynamicDebug' doesn't match value 'MD_DynamicRelease' in Main.obj
assimp.lib(material.obj) : error LNK2038: mismatch detected for '_ITERATOR_DEBUG_LEVEL': value '2' doesn't match value '0' in Main.obj
assimp.lib(material.obj) : error LNK2038: mismatch detected for 'RuntimeLibrary': value 'MDd_DynamicDebug' doesn't match value 'MD_DynamicRelease' in Main.obj
assimp.lib(MaterialSystem.obj) : error LNK2038: mismatch detected for '_ITERATOR_DEBUG_LEVEL': value '2' doesn't match value '0' in Main.obj
assimp.lib(MaterialSystem.obj) : error LNK2038: mismatch detected for 'RuntimeLibrary': value 'MDd_DynamicDebug' doesn't match value 'MD_DynamicRelease' in Main.obj
assimp.lib(Version.obj) : error LNK2038: mismatch detected for '_ITERATOR_DEBUG_LEVEL': value '2' doesn't match value '0' in Main.obj
assimp.lib(Version.obj) : error LNK2038: mismatch detected for 'RuntimeLibrary': value 'MDd_DynamicDebug' doesn't match value 'MD_DynamicRelease' in Main.obj
assimp.lib(AssertHandler.obj) : error LNK2038: mismatch detected for '_ITERATOR_DEBUG_LEVEL': value '2' doesn't match value '0' in Main.obj
assimp.lib(AssertHandler.obj) : error LNK2038: mismatch detected for 'RuntimeLibrary': value 'MDd_DynamicDebug' doesn't match value 'MD_DynamicRelease' in Main.obj
assimp.lib(BaseProcess.obj) : error LNK2038: mismatch detected for '_ITERATOR_DEBUG_LEVEL': value '2' doesn't match value '0' in Main.obj
assimp.lib(BaseProcess.obj) : error LNK2038: mismatch detected for 'RuntimeLibrary': value 'MDd_DynamicDebug' doesn't match value 'MD_DynamicRelease' in Main.obj
assimp.lib(DefaultLogger.obj) : error LNK2038: mismatch detected for '_ITERATOR_DEBUG_LEVEL': value '2' doesn't match value '0' in Main.obj
assimp.lib(DefaultLogger.obj) : error LNK2038: mismatch detected for 'RuntimeLibrary': value 'MDd_DynamicDebug' doesn't match value 'MD_DynamicRelease' in Main.obj
assimp.lib(ScenePreprocessor.obj) : error LNK2038: mismatch detected for '_ITERATOR_DEBUG_LEVEL': value '2' doesn't match value '0' in Main.obj
assimp.lib(ScenePreprocessor.obj) : error LNK2038: mismatch detected for 'RuntimeLibrary': value 'MDd_DynamicDebug' doesn't match value 'MD_DynamicRelease' in Main.obj
assimp.lib(BaseImporter.obj) : error LNK2038: mismatch detected for '_ITERATOR_DEBUG_LEVEL': value '2' doesn't match value '0' in Main.obj
assimp.lib(BaseImporter.obj) : error LNK2038: mismatch detected for 'RuntimeLibrary': value 'MDd_DynamicDebug' doesn't match value 'MD_DynamicRelease' in Main.obj
assimp.lib(DefaultIOSystem.obj) : error LNK2038: mismatch detected for '_ITERATOR_DEBUG_LEVEL': value '2' doesn't match value '0' in Main.obj
assimp.lib(DefaultIOSystem.obj) : error LNK2038: mismatch detected for 'RuntimeLibrary': value 'MDd_DynamicDebug' doesn't match value 'MD_DynamicRelease' in Main.obj
assimp.lib(IOSystem.obj) : error LNK2038: mismatch detected for '_ITERATOR_DEBUG_LEVEL': value '2' doesn't match value '0' in Main.obj
assimp.lib(IOSystem.obj) : error LNK2038: mismatch detected for 'RuntimeLibrary': value 'MDd_DynamicDebug' doesn't match value 'MD_DynamicRelease' in Main.obj
assimp.lib(ValidateDataStructure.obj) : error LNK2038: mismatch detected for '_ITERATOR_DEBUG_LEVEL': value '2' doesn't match value '0' in Main.obj
assimp.lib(ValidateDataStructure.obj) : error LNK2038: mismatch detected for 'RuntimeLibrary': value 'MDd_DynamicDebug' doesn't match value 'MD_DynamicRelease' in Main.obj
assimp.lib(ImporterRegistry.obj) : error LNK2038: mismatch detected for '_ITERATOR_DEBUG_LEVEL': value '2' doesn't match value '0' in Main.obj
assimp.lib(ImporterRegistry.obj) : error LNK2038: mismatch detected for 'RuntimeLibrary': value 'MDd_DynamicDebug' doesn't match value 'MD_DynamicRelease' in Main.obj
assimp.lib(PostStepRegistry.obj) : error LNK2038: mismatch detected for '_ITERATOR_DEBUG_LEVEL': value '2' doesn't match value '0' in Main.obj
assimp.lib(PostStepRegistry.obj) : error LNK2038: mismatch detected for 'RuntimeLibrary': value 'MDd_DynamicDebug' doesn't match value 'MD_DynamicRelease' in Main.obj
assimp.lib(Exceptional.obj) : error LNK2038: mismatch detected for '_ITERATOR_DEBUG_LEVEL': value '2' doesn't match value '0' in Main.obj
assimp.lib(Exceptional.obj) : error LNK2038: mismatch detected for 'RuntimeLibrary': value 'MDd_DynamicDebug' doesn't match value 'MD_DynamicRelease' in Main.obj
assimp.lib(scene.obj) : error LNK2038: mismatch detected for '_ITERATOR_DEBUG_LEVEL': value '2' doesn't match value '0' in Main.obj
assimp.lib(scene.obj) : error LNK2038: mismatch detected for 'RuntimeLibrary': value 'MDd_DynamicDebug' doesn't match value 'MD_DynamicRelease' in Main.obj
assimp.lib(DefaultIOStream.obj) : error LNK2038: mismatch detected for '_ITERATOR_DEBUG_LEVEL': value '2' doesn't match value '0' in Main.obj
assimp.lib(DefaultIOStream.obj) : error LNK2038: mismatch detected for 'RuntimeLibrary': value 'MDd_DynamicDebug' doesn't match value 'MD_DynamicRelease' in Main.obj
assimp.lib(ObjFileImporter.obj) : error LNK2038: mismatch detected for '_ITERATOR_DEBUG_LEVEL': value '2' doesn't match value '0' in Main.obj
assimp.lib(ObjFileImporter.obj) : error LNK2038: mismatch detected for 'RuntimeLibrary': value 'MDd_DynamicDebug' doesn't match value 'MD_DynamicRelease' in Main.obj
assimp.lib(ColladaLoader.obj) : error LNK2038: mismatch detected for '_ITERATOR_DEBUG_LEVEL': value '2' doesn't match value '0' in Main.obj
assimp.lib(ColladaLoader.obj) : error LNK2038: mismatch detected for 'RuntimeLibrary': value 'MDd_DynamicDebug' doesn't match value 'MD_DynamicRelease' in Main.obj
assimp.lib(BlenderLoader.obj) : error LNK2038: mismatch detected for '_ITERATOR_DEBUG_LEVEL': value '2' doesn't match value '0' in Main.obj
assimp.lib(BlenderLoader.obj) : error LNK2038: mismatch detected for 'RuntimeLibrary': value 'MDd_DynamicDebug' doesn't match value 'MD_DynamicRelease' in Main.obj
assimp.lib(FBXImporter.obj) : error LNK2038: mismatch detected for '_ITERATOR_DEBUG_LEVEL': value '2' doesn't match value '0' in Main.obj
assimp.lib(FBXImporter.obj) : error LNK2038: mismatch detected for 'RuntimeLibrary': value 'MDd_DynamicDebug' doesn't match value 'MD_DynamicRelease' in Main.obj
assimp.lib(AssbinLoader.obj) : error LNK2038: mismatch detected for '_ITERATOR_DEBUG_LEVEL': value '2' doesn't match value '0' in Main.obj
assimp.lib(AssbinLoader.obj) : error LNK2038: mismatch detected for 'RuntimeLibrary': value 'MDd_DynamicDebug' doesn't match value 'MD_DynamicRelease' in Main.obj
assimp.lib(IQMImporter.obj) : error LNK2038: mismatch detected for '_ITERATOR_DEBUG_LEVEL': value '2' doesn't match value '0' in Main.obj
assimp.lib(IQMImporter.obj) : error LNK2038: mismatch detected for 'RuntimeLibrary': value 'MDd_DynamicDebug' doesn't match value 'MD_DynamicRelease' in Main.obj
assimp.lib(SpatialSort.obj) : error LNK2038: mismatch detected for '_ITERATOR_DEBUG_LEVEL': value '2' doesn't match value '0' in Main.obj
assimp.lib(SpatialSort.obj) : error LNK2038: mismatch detected for 'RuntimeLibrary': value 'MDd_DynamicDebug' doesn't match value 'MD_DynamicRelease' in Main.obj
assimp.lib(ProcessHelper.obj) : error LNK2038: mismatch detected for '_ITERATOR_DEBUG_LEVEL': value '2' doesn't match value '0' in Main.obj
assimp.lib(ProcessHelper.obj) : error LNK2038: mismatch detected for 'RuntimeLibrary': value 'MDd_DynamicDebug' doesn't match value 'MD_DynamicRelease' in Main.obj
assimp.lib(CalcTangentsProcess.obj) : error LNK2038: mismatch detected for '_ITERATOR_DEBUG_LEVEL': value '2' doesn't match value '0' in Main.obj
assimp.lib(CalcTangentsProcess.obj) : error LNK2038: mismatch detected for 'RuntimeLibrary': value 'MDd_DynamicDebug' doesn't match value 'MD_DynamicRelease' in Main.obj
assimp.lib(JoinVerticesProcess.obj) : error LNK2038: mismatch detected for '_ITERATOR_DEBUG_LEVEL': value '2' doesn't match value '0' in Main.obj
assimp.lib(JoinVerticesProcess.obj) : error LNK2038: mismatch detected for 'RuntimeLibrary': value 'MDd_DynamicDebug' doesn't match value 'MD_DynamicRelease' in Main.obj
assimp.lib(ConvertToLHProcess.obj) : error LNK2038: mismatch detected for '_ITERATOR_DEBUG_LEVEL': value '2' doesn't match value '0' in Main.obj
assimp.lib(ConvertToLHProcess.obj) : error LNK2038: mismatch detected for 'RuntimeLibrary': value 'MDd_DynamicDebug' doesn't match value 'MD_DynamicRelease' in Main.obj
assimp.lib(TriangulateProcess.obj) : error LNK2038: mismatch detected for '_ITERATOR_DEBUG_LEVEL': value '2' doesn't match value '0' in Main.obj
assimp.lib(TriangulateProcess.obj) : error LNK2038: mismatch detected for 'RuntimeLibrary': value 'MDd_DynamicDebug' doesn't match value 'MD_DynamicRelease' in Main.obj
assimp.lib(DropFaceNormalsProcess.obj) : error LNK2038: mismatch detected for '_ITERATOR_DEBUG_LEVEL': value '2' doesn't match value '0' in Main.obj
assimp.lib(DropFaceNormalsProcess.obj) : error LNK2038: mismatch detected for 'RuntimeLibrary': value 'MDd_DynamicDebug' doesn't match value 'MD_DynamicRelease' in Main.obj
assimp.lib(GenFaceNormalsProcess.obj) : error LNK2038: mismatch detected for '_ITERATOR_DEBUG_LEVEL': value '2' doesn't match value '0' in Main.obj
assimp.lib(GenFaceNormalsProcess.obj) : error LNK2038: mismatch detected for 'RuntimeLibrary': value 'MDd_DynamicDebug' doesn't match value 'MD_DynamicRelease' in Main.obj
assimp.lib(GenVertexNormalsProcess.obj) : error LNK2038: mismatch detected for '_ITERATOR_DEBUG_LEVEL': value '2' doesn't match value '0' in Main.obj
assimp.lib(GenVertexNormalsProcess.obj) : error LNK2038: mismatch detected for 'RuntimeLibrary': value 'MDd_DynamicDebug' doesn't match value 'MD_DynamicRelease' in Main.obj
assimp.lib(RemoveVCProcess.obj) : error LNK2038: mismatch detected for '_ITERATOR_DEBUG_LEVEL': value '2' doesn't match value '0' in Main.obj
assimp.lib(RemoveVCProcess.obj) : error LNK2038: mismatch detected for 'RuntimeLibrary': value 'MDd_DynamicDebug' doesn't match value 'MD_DynamicRelease' in Main.obj
assimp.lib(SplitLargeMeshes.obj) : error LNK2038: mismatch detected for '_ITERATOR_DEBUG_LEVEL': value '2' doesn't match value '0' in Main.obj
assimp.lib(SplitLargeMeshes.obj) : error LNK2038: mismatch detected for 'RuntimeLibrary': value 'MDd_DynamicDebug' doesn't match value 'MD_DynamicRelease' in Main.obj
assimp.lib(PretransformVertices.obj) : error LNK2038: mismatch detected for '_ITERATOR_DEBUG_LEVEL': value '2' doesn't match value '0' in Main.obj
assimp.lib(PretransformVertices.obj) : error LNK2038: mismatch detected for 'RuntimeLibrary': value 'MDd_DynamicDebug' doesn't match value 'MD_DynamicRelease' in Main.obj
assimp.lib(LimitBoneWeightsProcess.obj) : error LNK2038: mismatch detected for '_ITERATOR_DEBUG_LEVEL': value '2' doesn't match value '0' in Main.obj
assimp.lib(LimitBoneWeightsProcess.obj) : error LNK2038: mismatch detected for 'RuntimeLibrary': value 'MDd_DynamicDebug' doesn't match value 'MD_DynamicRelease' in Main.obj
assimp.lib(ImproveCacheLocality.obj) : error LNK2038: mismatch detected for '_ITERATOR_DEBUG_LEVEL': value '2' doesn't match value '0' in Main.obj
assimp.lib(ImproveCacheLocality.obj) : error LNK2038: mismatch detected for 'RuntimeLibrary': value 'MDd_DynamicDebug' doesn't match value 'MD_DynamicRelease' in Main.obj
assimp.lib(FixNormalsStep.obj) : error LNK2038: mismatch detected for '_ITERATOR_DEBUG_LEVEL': value '2' doesn't match value '0' in Main.obj
assimp.lib(FixNormalsStep.obj) : error LNK2038: mismatch detected for 'RuntimeLibrary': value 'MDd_DynamicDebug' doesn't match value 'MD_DynamicRelease' in Main.obj
assimp.lib(RemoveRedundantMaterials.obj) : error LNK2038: mismatch detected for '_ITERATOR_DEBUG_LEVEL': value '2' doesn't match value '0' in Main.obj
assimp.lib(RemoveRedundantMaterials.obj) : error LNK2038: mismatch detected for 'RuntimeLibrary': value 'MDd_DynamicDebug' doesn't match value 'MD_DynamicRelease' in Main.obj
assimp.lib(EmbedTexturesProcess.obj) : error LNK2038: mismatch detected for '_ITERATOR_DEBUG_LEVEL': value '2' doesn't match value '0' in Main.obj
assimp.lib(EmbedTexturesProcess.obj) : error LNK2038: mismatch detected for 'RuntimeLibrary': value 'MDd_DynamicDebug' doesn't match value 'MD_DynamicRelease' in Main.obj
assimp.lib(FindInvalidDataProcess.obj) : error LNK2038: mismatch detected for '_ITERATOR_DEBUG_LEVEL': value '2' doesn't match value '0' in Main.obj
assimp.lib(FindInvalidDataProcess.obj) : error LNK2038: mismatch detected for 'RuntimeLibrary': value 'MDd_DynamicDebug' doesn't match value 'MD_DynamicRelease' in Main.obj
assimp.lib(FindDegenerates.obj) : error LNK2038: mismatch detected for '_ITERATOR_DEBUG_LEVEL': value '2' doesn't match value '0' in Main.obj
assimp.lib(FindDegenerates.obj) : error LNK2038: mismatch detected for 'RuntimeLibrary': value 'MDd_DynamicDebug' doesn't match value 'MD_DynamicRelease' in Main.obj
assimp.lib(SortByPTypeProcess.obj) : error LNK2038: mismatch detected for '_ITERATOR_DEBUG_LEVEL': value '2' doesn't match value '0' in Main.obj
assimp.lib(SortByPTypeProcess.obj) : error LNK2038: mismatch detected for 'RuntimeLibrary': value 'MDd_DynamicDebug' doesn't match value 'MD_DynamicRelease' in Main.obj
assimp.lib(ComputeUVMappingProcess.obj) : error LNK2038: mismatch detected for '_ITERATOR_DEBUG_LEVEL': value '2' doesn't match value '0' in Main.obj
assimp.lib(ComputeUVMappingProcess.obj) : error LNK2038: mismatch detected for 'RuntimeLibrary': value 'MDd_DynamicDebug' doesn't match value 'MD_DynamicRelease' in Main.obj
assimp.lib(TextureTransform.obj) : error LNK2038: mismatch detected for '_ITERATOR_DEBUG_LEVEL': value '2' doesn't match value '0' in Main.obj
assimp.lib(TextureTransform.obj) : error LNK2038: mismatch detected for 'RuntimeLibrary': value 'MDd_DynamicDebug' doesn't match value 'MD_DynamicRelease' in Main.obj
assimp.lib(FindInstancesProcess.obj) : error LNK2038: mismatch detected for '_ITERATOR_DEBUG_LEVEL': value '2' doesn't match value '0' in Main.obj
assimp.lib(FindInstancesProcess.obj) : error LNK2038: mismatch detected for 'RuntimeLibrary': value 'MDd_DynamicDebug' doesn't match value 'MD_DynamicRelease' in Main.obj
assimp.lib(OptimizeMeshes.obj) : error LNK2038: mismatch detected for '_ITERATOR_DEBUG_LEVEL': value '2' doesn't match value '0' in Main.obj
assimp.lib(OptimizeMeshes.obj) : error LNK2038: mismatch detected for 'RuntimeLibrary': value 'MDd_DynamicDebug' doesn't match value 'MD_DynamicRelease' in Main.obj
assimp.lib(OptimizeGraph.obj) : error LNK2038: mismatch detected for '_ITERATOR_DEBUG_LEVEL': value '2' doesn't match value '0' in Main.obj
assimp.lib(OptimizeGraph.obj) : error LNK2038: mismatch detected for 'RuntimeLibrary': value 'MDd_DynamicDebug' doesn't match value 'MD_DynamicRelease' in Main.obj
assimp.lib(SplitByBoneCountProcess.obj) : error LNK2038: mismatch detected for '_ITERATOR_DEBUG_LEVEL': value '2' doesn't match value '0' in Main.obj
assimp.lib(SplitByBoneCountProcess.obj) : error LNK2038: mismatch detected for 'RuntimeLibrary': value 'MDd_DynamicDebug' doesn't match value 'MD_DynamicRelease' in Main.obj
assimp.lib(DeboneProcess.obj) : error LNK2038: mismatch detected for '_ITERATOR_DEBUG_LEVEL': value '2' doesn't match value '0' in Main.obj
assimp.lib(DeboneProcess.obj) : error LNK2038: mismatch detected for 'RuntimeLibrary': value 'MDd_DynamicDebug' doesn't match value 'MD_DynamicRelease' in Main.obj
assimp.lib(ScaleProcess.obj) : error LNK2038: mismatch detected for '_ITERATOR_DEBUG_LEVEL': value '2' doesn't match value '0' in Main.obj
assimp.lib(ScaleProcess.obj) : error LNK2038: mismatch detected for 'RuntimeLibrary': value 'MDd_DynamicDebug' doesn't match value 'MD_DynamicRelease' in Main.obj
assimp.lib(ArmaturePopulate.obj) : error LNK2038: mismatch detected for '_ITERATOR_DEBUG_LEVEL': value '2' doesn't match value '0' in Main.obj
assimp.lib(ArmaturePopulate.obj) : error LNK2038: mismatch detected for 'RuntimeLibrary': value 'MDd_DynamicDebug' doesn't match value 'MD_DynamicRelease' in Main.obj
assimp.lib(GenBoundingBoxesProcess.obj) : error LNK2038: mismatch detected for '_ITERATOR_DEBUG_LEVEL': value '2' doesn't match value '0' in Main.obj
assimp.lib(GenBoundingBoxesProcess.obj) : error LNK2038: mismatch detected for 'RuntimeLibrary': value 'MDd_DynamicDebug' doesn't match value 'MD_DynamicRelease' in Main.obj
assimp.lib(ObjFileParser.obj) : error LNK2038: mismatch detected for '_ITERATOR_DEBUG_LEVEL': value '2' doesn't match value '0' in Main.obj
assimp.lib(ObjFileParser.obj) : error LNK2038: mismatch detected for 'RuntimeLibrary': value 'MDd_DynamicDebug' doesn't match value 'MD_DynamicRelease' in Main.obj
assimp.lib(ColladaParser.obj) : error LNK2038: mismatch detected for '_ITERATOR_DEBUG_LEVEL': value '2' doesn't match value '0' in Main.obj
assimp.lib(ColladaParser.obj) : error LNK2038: mismatch detected for 'RuntimeLibrary': value 'MDd_DynamicDebug' doesn't match value 'MD_DynamicRelease' in Main.obj
assimp.lib(CreateAnimMesh.obj) : error LNK2038: mismatch detected for '_ITERATOR_DEBUG_LEVEL': value '2' doesn't match value '0' in Main.obj
assimp.lib(CreateAnimMesh.obj) : error LNK2038: mismatch detected for 'RuntimeLibrary': value 'MDd_DynamicDebug' doesn't match value 'MD_DynamicRelease' in Main.obj
assimp.lib(SkeletonMeshBuilder.obj) : error LNK2038: mismatch detected for '_ITERATOR_DEBUG_LEVEL': value '2' doesn't match value '0' in Main.obj
assimp.lib(SkeletonMeshBuilder.obj) : error LNK2038: mismatch detected for 'RuntimeLibrary': value 'MDd_DynamicDebug' doesn't match value 'MD_DynamicRelease' in Main.obj
assimp.lib(ZipArchiveIOSystem.obj) : error LNK2038: mismatch detected for '_ITERATOR_DEBUG_LEVEL': value '2' doesn't match value '0' in Main.obj
assimp.lib(ZipArchiveIOSystem.obj) : error LNK2038: mismatch detected for 'RuntimeLibrary': value 'MDd_DynamicDebug' doesn't match value 'MD_DynamicRelease' in Main.obj
assimp.lib(BlenderDNA.obj) : error LNK2038: mismatch detected for '_ITERATOR_DEBUG_LEVEL': value '2' doesn't match value '0' in Main.obj
assimp.lib(BlenderDNA.obj) : error LNK2038: mismatch detected for 'RuntimeLibrary': value 'MDd_DynamicDebug' doesn't match value 'MD_DynamicRelease' in Main.obj
assimp.lib(BlenderCustomData.obj) : error LNK2038: mismatch detected for '_ITERATOR_DEBUG_LEVEL': value '2' doesn't match value '0' in Main.obj
assimp.lib(BlenderCustomData.obj) : error LNK2038: mismatch detected for 'RuntimeLibrary': value 'MDd_DynamicDebug' doesn't match value 'MD_DynamicRelease' in Main.obj
assimp.lib(BlenderModifier.obj) : error LNK2038: mismatch detected for '_ITERATOR_DEBUG_LEVEL': value '2' doesn't match value '0' in Main.obj
assimp.lib(BlenderModifier.obj) : error LNK2038: mismatch detected for 'RuntimeLibrary': value 'MDd_DynamicDebug' doesn't match value 'MD_DynamicRelease' in Main.obj
assimp.lib(Compression.obj) : error LNK2038: mismatch detected for '_ITERATOR_DEBUG_LEVEL': value '2' doesn't match value '0' in Main.obj
assimp.lib(Compression.obj) : error LNK2038: mismatch detected for 'RuntimeLibrary': value 'MDd_DynamicDebug' doesn't match value 'MD_DynamicRelease' in Main.obj
assimp.lib(BlenderScene.obj) : error LNK2038: mismatch detected for '_ITERATOR_DEBUG_LEVEL': value '2' doesn't match value '0' in Main.obj
assimp.lib(BlenderScene.obj) : error LNK2038: mismatch detected for 'RuntimeLibrary': value 'MDd_DynamicDebug' doesn't match value 'MD_DynamicRelease' in Main.obj
assimp.lib(FBXTokenizer.obj) : error LNK2038: mismatch detected for '_ITERATOR_DEBUG_LEVEL': value '2' doesn't match value '0' in Main.obj
assimp.lib(FBXTokenizer.obj) : error LNK2038: mismatch detected for 'RuntimeLibrary': value 'MDd_DynamicDebug' doesn't match value 'MD_DynamicRelease' in Main.obj
assimp.lib(FBXBinaryTokenizer.obj) : error LNK2038: mismatch detected for '_ITERATOR_DEBUG_LEVEL': value '2' doesn't match value '0' in Main.obj
assimp.lib(FBXBinaryTokenizer.obj) : error LNK2038: mismatch detected for 'RuntimeLibrary': value 'MDd_DynamicDebug' doesn't match value 'MD_DynamicRelease' in Main.obj
assimp.lib(FBXParser.obj) : error LNK2038: mismatch detected for '_ITERATOR_DEBUG_LEVEL': value '2' doesn't match value '0' in Main.obj
assimp.lib(FBXParser.obj) : error LNK2038: mismatch detected for 'RuntimeLibrary': value 'MDd_DynamicDebug' doesn't match value 'MD_DynamicRelease' in Main.obj
assimp.lib(FBXProperties.obj) : error LNK2038: mismatch detected for '_ITERATOR_DEBUG_LEVEL': value '2' doesn't match value '0' in Main.obj
assimp.lib(FBXProperties.obj) : error LNK2038: mismatch detected for 'RuntimeLibrary': value 'MDd_DynamicDebug' doesn't match value 'MD_DynamicRelease' in Main.obj
assimp.lib(FBXDocument.obj) : error LNK2038: mismatch detected for '_ITERATOR_DEBUG_LEVEL': value '2' doesn't match value '0' in Main.obj
assimp.lib(FBXDocument.obj) : error LNK2038: mismatch detected for 'RuntimeLibrary': value 'MDd_DynamicDebug' doesn't match value 'MD_DynamicRelease' in Main.obj
assimp.lib(FBXConverter.obj) : error LNK2038: mismatch detected for '_ITERATOR_DEBUG_LEVEL': value '2' doesn't match value '0' in Main.obj
assimp.lib(FBXConverter.obj) : error LNK2038: mismatch detected for 'RuntimeLibrary': value 'MDd_DynamicDebug' doesn't match value 'MD_DynamicRelease' in Main.obj
assimp.lib(SceneCombiner.obj) : error LNK2038: mismatch detected for '_ITERATOR_DEBUG_LEVEL': value '2' doesn't match value '0' in Main.obj
assimp.lib(SceneCombiner.obj) : error LNK2038: mismatch detected for 'RuntimeLibrary': value 'MDd_DynamicDebug' doesn't match value 'MD_DynamicRelease' in Main.obj
assimp.lib(VertexTriangleAdjacency.obj) : error LNK2038: mismatch detected for '_ITERATOR_DEBUG_LEVEL': value '2' doesn't match value '0' in Main.obj
assimp.lib(VertexTriangleAdjacency.obj) : error LNK2038: mismatch detected for 'RuntimeLibrary': value 'MDd_DynamicDebug' doesn't match value 'MD_DynamicRelease' in Main.obj
assimp.lib(GeometryUtils.obj) : error LNK2038: mismatch detected for '_ITERATOR_DEBUG_LEVEL': value '2' doesn't match value '0' in Main.obj
assimp.lib(GeometryUtils.obj) : error LNK2038: mismatch detected for 'RuntimeLibrary': value 'MDd_DynamicDebug' doesn't match value 'MD_DynamicRelease' in Main.obj
assimp.lib(ObjFileMtlImporter.obj) : error LNK2038: mismatch detected for '_ITERATOR_DEBUG_LEVEL': value '2' doesn't match value '0' in Main.obj
assimp.lib(ObjFileMtlImporter.obj) : error LNK2038: mismatch detected for 'RuntimeLibrary': value 'MDd_DynamicDebug' doesn't match value 'MD_DynamicRelease' in Main.obj
assimp.lib(ColladaHelper.obj) : error LNK2038: mismatch detected for '_ITERATOR_DEBUG_LEVEL': value '2' doesn't match value '0' in Main.obj
assimp.lib(ColladaHelper.obj) : error LNK2038: mismatch detected for 'RuntimeLibrary': value 'MDd_DynamicDebug' doesn't match value 'MD_DynamicRelease' in Main.obj
assimp.lib(Subdivision.obj) : error LNK2038: mismatch detected for '_ITERATOR_DEBUG_LEVEL': value '2' doesn't match value '0' in Main.obj
assimp.lib(Subdivision.obj) : error LNK2038: mismatch detected for 'RuntimeLibrary': value 'MDd_DynamicDebug' doesn't match value 'MD_DynamicRelease' in Main.obj
assimp.lib(FBXUtil.obj) : error LNK2038: mismatch detected for '_ITERATOR_DEBUG_LEVEL': value '2' doesn't match value '0' in Main.obj
assimp.lib(FBXUtil.obj) : error LNK2038: mismatch detected for 'RuntimeLibrary': value 'MDd_DynamicDebug' doesn't match value 'MD_DynamicRelease' in Main.obj
assimp.lib(FBXDocumentUtil.obj) : error LNK2038: mismatch detected for '_ITERATOR_DEBUG_LEVEL': value '2' doesn't match value '0' in Main.obj
assimp.lib(FBXDocumentUtil.obj) : error LNK2038: mismatch detected for 'RuntimeLibrary': value 'MDd_DynamicDebug' doesn't match value 'MD_DynamicRelease' in Main.obj
assimp.lib(FBXNodeAttribute.obj) : error LNK2038: mismatch detected for '_ITERATOR_DEBUG_LEVEL': value '2' doesn't match value '0' in Main.obj
assimp.lib(FBXNodeAttribute.obj) : error LNK2038: mismatch detected for 'RuntimeLibrary': value 'MDd_DynamicDebug' doesn't match value 'MD_DynamicRelease' in Main.obj
assimp.lib(FBXModel.obj) : error LNK2038: mismatch detected for '_ITERATOR_DEBUG_LEVEL': value '2' doesn't match value '0' in Main.obj
assimp.lib(FBXModel.obj) : error LNK2038: mismatch detected for 'RuntimeLibrary': value 'MDd_DynamicDebug' doesn't match value 'MD_DynamicRelease' in Main.obj
assimp.lib(FBXMaterial.obj) : error LNK2038: mismatch detected for '_ITERATOR_DEBUG_LEVEL': value '2' doesn't match value '0' in Main.obj
assimp.lib(FBXMaterial.obj) : error LNK2038: mismatch detected for 'RuntimeLibrary': value 'MDd_DynamicDebug' doesn't match value 'MD_DynamicRelease' in Main.obj
assimp.lib(FBXAnimation.obj) : error LNK2038: mismatch detected for '_ITERATOR_DEBUG_LEVEL': value '2' doesn't match value '0' in Main.obj
assimp.lib(FBXAnimation.obj) : error LNK2038: mismatch detected for 'RuntimeLibrary': value 'MDd_DynamicDebug' doesn't match value 'MD_DynamicRelease' in Main.obj
assimp.lib(FBXDeformer.obj) : error LNK2038: mismatch detected for '_ITERATOR_DEBUG_LEVEL': value '2' doesn't match value '0' in Main.obj
assimp.lib(FBXDeformer.obj) : error LNK2038: mismatch detected for 'RuntimeLibrary': value 'MDd_DynamicDebug' doesn't match value 'MD_DynamicRelease' in Main.obj
assimp.lib(FBXMeshGeometry.obj) : error LNK2038: mismatch detected for '_ITERATOR_DEBUG_LEVEL': value '2' doesn't match value '0' in Main.obj
assimp.lib(FBXMeshGeometry.obj) : error LNK2038: mismatch detected for 'RuntimeLibrary': value 'MDd_DynamicDebug' doesn't match value 'MD_DynamicRelease' in Main.obj
MSVCRT.lib(initializers.obj) : warning LNK4098: defaultlib 'msvcrtd.lib' conflicts with use of other libs; use /NODEFAULTLIB:library
assimp.lib(FBXDeformer.obj) : error LNK2001: unresolved external symbol __imp___invalid_parameter
assimp.lib(FBXMeshGeometry.obj) : error LNK2001: unresolved external symbol __imp___invalid_parameter
assimp.lib(FBXNodeAttribute.obj) : error LNK2001: unresolved external symbol __imp___invalid_parameter
assimp.lib(FBXModel.obj) : error LNK2001: unresolved external symbol __imp___invalid_parameter
assimp.lib(FBXMaterial.obj) : error LNK2001: unresolved external symbol __imp___invalid_parameter
assimp.lib(FBXAnimation.obj) : error LNK2001: unresolved external symbol __imp___invalid_parameter
assimp.lib(ColladaHelper.obj) : error LNK2001: unresolved external symbol __imp___invalid_parameter
assimp.lib(Subdivision.obj) : error LNK2001: unresolved external symbol __imp___invalid_parameter
assimp.lib(FBXUtil.obj) : error LNK2001: unresolved external symbol __imp___invalid_parameter
assimp.lib(FBXDocumentUtil.obj) : error LNK2001: unresolved external symbol __imp___invalid_parameter
assimp.lib(FBXDocument.obj) : error LNK2001: unresolved external symbol __imp___invalid_parameter
assimp.lib(FBXConverter.obj) : error LNK2001: unresolved external symbol __imp___invalid_parameter
assimp.lib(SceneCombiner.obj) : error LNK2001: unresolved external symbol __imp___invalid_parameter
assimp.lib(ObjFileMtlImporter.obj) : error LNK2001: unresolved external symbol __imp___invalid_parameter
assimp.lib(FBXTokenizer.obj) : error LNK2001: unresolved external symbol __imp___invalid_parameter
assimp.lib(FBXBinaryTokenizer.obj) : error LNK2001: unresolved external symbol __imp___invalid_parameter
assimp.lib(FBXParser.obj) : error LNK2001: unresolved external symbol __imp___invalid_parameter
assimp.lib(FBXProperties.obj) : error LNK2001: unresolved external symbol __imp___invalid_parameter
assimp.lib(BlenderCustomData.obj) : error LNK2001: unresolved external symbol __imp___invalid_parameter
assimp.lib(BlenderModifier.obj) : error LNK2001: unresolved external symbol __imp___invalid_parameter
assimp.lib(Compression.obj) : error LNK2001: unresolved external symbol __imp___invalid_parameter
assimp.lib(BlenderScene.obj) : error LNK2001: unresolved external symbol __imp___invalid_parameter
assimp.lib(ColladaParser.obj) : error LNK2001: unresolved external symbol __imp___invalid_parameter
assimp.lib(SkeletonMeshBuilder.obj) : error LNK2001: unresolved external symbol __imp___invalid_parameter
assimp.lib(ZipArchiveIOSystem.obj) : error LNK2001: unresolved external symbol __imp___invalid_parameter
assimp.lib(BlenderDNA.obj) : error LNK2001: unresolved external symbol __imp___invalid_parameter
assimp.lib(SplitByBoneCountProcess.obj) : error LNK2001: unresolved external symbol __imp___invalid_parameter
assimp.lib(DeboneProcess.obj) : error LNK2001: unresolved external symbol __imp___invalid_parameter
assimp.lib(ArmaturePopulate.obj) : error LNK2001: unresolved external symbol __imp___invalid_parameter
assimp.lib(ObjFileParser.obj) : error LNK2001: unresolved external symbol __imp___invalid_parameter
assimp.lib(TextureTransform.obj) : error LNK2001: unresolved external symbol __imp___invalid_parameter
assimp.lib(FindInstancesProcess.obj) : error LNK2001: unresolved external symbol __imp___invalid_parameter
assimp.lib(OptimizeMeshes.obj) : error LNK2001: unresolved external symbol __imp___invalid_parameter
assimp.lib(OptimizeGraph.obj) : error LNK2001: unresolved external symbol __imp___invalid_parameter
assimp.lib(FindInvalidDataProcess.obj) : error LNK2001: unresolved external symbol __imp___invalid_parameter
assimp.lib(FindDegenerates.obj) : error LNK2001: unresolved external symbol __imp___invalid_parameter
assimp.lib(SortByPTypeProcess.obj) : error LNK2001: unresolved external symbol __imp___invalid_parameter
assimp.lib(ComputeUVMappingProcess.obj) : error LNK2001: unresolved external symbol __imp___invalid_parameter
assimp.lib(ImproveCacheLocality.obj) : error LNK2001: unresolved external symbol __imp___invalid_parameter
assimp.lib(FixNormalsStep.obj) : error LNK2001: unresolved external symbol __imp___invalid_parameter
assimp.lib(RemoveRedundantMaterials.obj) : error LNK2001: unresolved external symbol __imp___invalid_parameter
assimp.lib(EmbedTexturesProcess.obj) : error LNK2001: unresolved external symbol __imp___invalid_parameter
assimp.lib(RemoveVCProcess.obj) : error LNK2001: unresolved external symbol __imp___invalid_parameter
assimp.lib(SplitLargeMeshes.obj) : error LNK2001: unresolved external symbol __imp___invalid_parameter
assimp.lib(PretransformVertices.obj) : error LNK2001: unresolved external symbol __imp___invalid_parameter
assimp.lib(LimitBoneWeightsProcess.obj) : error LNK2001: unresolved external symbol __imp___invalid_parameter
assimp.lib(TriangulateProcess.obj) : error LNK2001: unresolved external symbol __imp___invalid_parameter
assimp.lib(DropFaceNormalsProcess.obj) : error LNK2001: unresolved external symbol __imp___invalid_parameter
assimp.lib(GenFaceNormalsProcess.obj) : error LNK2001: unresolved external symbol __imp___invalid_parameter
assimp.lib(GenVertexNormalsProcess.obj) : error LNK2001: unresolved external symbol __imp___invalid_parameter
assimp.lib(SpatialSort.obj) : error LNK2001: unresolved external symbol __imp___invalid_parameter
assimp.lib(ProcessHelper.obj) : error LNK2001: unresolved external symbol __imp___invalid_parameter
assimp.lib(CalcTangentsProcess.obj) : error LNK2001: unresolved external symbol __imp___invalid_parameter
assimp.lib(JoinVerticesProcess.obj) : error LNK2001: unresolved external symbol __imp___invalid_parameter
assimp.lib(BlenderLoader.obj) : error LNK2001: unresolved external symbol __imp___invalid_parameter
assimp.lib(FBXImporter.obj) : error LNK2001: unresolved external symbol __imp___invalid_parameter
assimp.lib(AssbinLoader.obj) : error LNK2001: unresolved external symbol __imp___invalid_parameter
assimp.lib(IQMImporter.obj) : error LNK2001: unresolved external symbol __imp___invalid_parameter
assimp.lib(scene.obj) : error LNK2001: unresolved external symbol __imp___invalid_parameter
assimp.lib(DefaultIOStream.obj) : error LNK2001: unresolved external symbol __imp___invalid_parameter
assimp.lib(ObjFileImporter.obj) : error LNK2001: unresolved external symbol __imp___invalid_parameter
assimp.lib(ColladaLoader.obj) : error LNK2001: unresolved external symbol __imp___invalid_parameter
assimp.lib(ValidateDataStructure.obj) : error LNK2001: unresolved external symbol __imp___invalid_parameter
assimp.lib(ImporterRegistry.obj) : error LNK2001: unresolved external symbol __imp___invalid_parameter
assimp.lib(PostStepRegistry.obj) : error LNK2001: unresolved external symbol __imp___invalid_parameter
assimp.lib(Exceptional.obj) : error LNK2001: unresolved external symbol __imp___invalid_parameter
assimp.lib(DefaultLogger.obj) : error LNK2001: unresolved external symbol __imp___invalid_parameter
assimp.lib(BaseImporter.obj) : error LNK2001: unresolved external symbol __imp___invalid_parameter
assimp.lib(DefaultIOSystem.obj) : error LNK2001: unresolved external symbol __imp___invalid_parameter
assimp.lib(IOSystem.obj) : error LNK2001: unresolved external symbol __imp___invalid_parameter
assimp.lib(Importer.obj) : error LNK2001: unresolved external symbol __imp___invalid_parameter
assimp.lib(MaterialSystem.obj) : error LNK2001: unresolved external symbol __imp___invalid_parameter
assimp.lib(Version.obj) : error LNK2001: unresolved external symbol __imp___invalid_parameter
assimp.lib(BaseProcess.obj) : error LNK2001: unresolved external symbol __imp___invalid_parameter
assimp.lib(FBXMaterial.obj) : error LNK2001: unresolved external symbol __imp___calloc_dbg
assimp.lib(FBXAnimation.obj) : error LNK2001: unresolved external symbol __imp___calloc_dbg
assimp.lib(FBXDeformer.obj) : error LNK2001: unresolved external symbol __imp___calloc_dbg
assimp.lib(FBXMeshGeometry.obj) : error LNK2001: unresolved external symbol __imp___calloc_dbg
assimp.lib(Subdivision.obj) : error LNK2001: unresolved external symbol __imp___calloc_dbg
assimp.lib(FBXDocumentUtil.obj) : error LNK2001: unresolved external symbol __imp___calloc_dbg
assimp.lib(FBXNodeAttribute.obj) : error LNK2001: unresolved external symbol __imp___calloc_dbg
assimp.lib(FBXModel.obj) : error LNK2001: unresolved external symbol __imp___calloc_dbg
assimp.lib(FBXConverter.obj) : error LNK2001: unresolved external symbol __imp___calloc_dbg
assimp.lib(SceneCombiner.obj) : error LNK2001: unresolved external symbol __imp___calloc_dbg
assimp.lib(ObjFileMtlImporter.obj) : error LNK2001: unresolved external symbol __imp___calloc_dbg
assimp.lib(ColladaHelper.obj) : error LNK2001: unresolved external symbol __imp___calloc_dbg
assimp.lib(FBXBinaryTokenizer.obj) : error LNK2001: unresolved external symbol __imp___calloc_dbg
assimp.lib(FBXParser.obj) : error LNK2001: unresolved external symbol __imp___calloc_dbg
assimp.lib(FBXProperties.obj) : error LNK2001: unresolved external symbol __imp___calloc_dbg
assimp.lib(FBXDocument.obj) : error LNK2001: unresolved external symbol __imp___calloc_dbg
assimp.lib(ObjFileParser.obj) : error LNK2001: unresolved external symbol __imp___calloc_dbg
assimp.lib(ColladaParser.obj) : error LNK2001: unresolved external symbol __imp___calloc_dbg
assimp.lib(BlenderDNA.obj) : error LNK2001: unresolved external symbol __imp___calloc_dbg
assimp.lib(FBXTokenizer.obj) : error LNK2001: unresolved external symbol __imp___calloc_dbg
assimp.lib(FindInstancesProcess.obj) : error LNK2001: unresolved external symbol __imp___calloc_dbg
assimp.lib(OptimizeMeshes.obj) : error LNK2001: unresolved external symbol __imp___calloc_dbg
assimp.lib(OptimizeGraph.obj) : error LNK2001: unresolved external symbol __imp___calloc_dbg
assimp.lib(DeboneProcess.obj) : error LNK2001: unresolved external symbol __imp___calloc_dbg
assimp.lib(FindDegenerates.obj) : error LNK2001: unresolved external symbol __imp___calloc_dbg
assimp.lib(SortByPTypeProcess.obj) : error LNK2001: unresolved external symbol __imp___calloc_dbg
assimp.lib(ComputeUVMappingProcess.obj) : error LNK2001: unresolved external symbol __imp___calloc_dbg
assimp.lib(TextureTransform.obj) : error LNK2001: unresolved external symbol __imp___calloc_dbg
assimp.lib(FixNormalsStep.obj) : error LNK2001: unresolved external symbol __imp___calloc_dbg
assimp.lib(RemoveRedundantMaterials.obj) : error LNK2001: unresolved external symbol __imp___calloc_dbg
assimp.lib(EmbedTexturesProcess.obj) : error LNK2001: unresolved external symbol __imp___calloc_dbg
assimp.lib(FindInvalidDataProcess.obj) : error LNK2001: unresolved external symbol __imp___calloc_dbg
assimp.lib(SplitLargeMeshes.obj) : error LNK2001: unresolved external symbol __imp___calloc_dbg
assimp.lib(PretransformVertices.obj) : error LNK2001: unresolved external symbol __imp___calloc_dbg
assimp.lib(LimitBoneWeightsProcess.obj) : error LNK2001: unresolved external symbol __imp___calloc_dbg
assimp.lib(ImproveCacheLocality.obj) : error LNK2001: unresolved external symbol __imp___calloc_dbg
assimp.lib(CalcTangentsProcess.obj) : error LNK2001: unresolved external symbol __imp___calloc_dbg
assimp.lib(JoinVerticesProcess.obj) : error LNK2001: unresolved external symbol __imp___calloc_dbg
assimp.lib(TriangulateProcess.obj) : error LNK2001: unresolved external symbol __imp___calloc_dbg
assimp.lib(GenVertexNormalsProcess.obj) : error LNK2001: unresolved external symbol __imp___calloc_dbg
assimp.lib(BlenderLoader.obj) : error LNK2001: unresolved external symbol __imp___calloc_dbg
assimp.lib(FBXImporter.obj) : error LNK2001: unresolved external symbol __imp___calloc_dbg
assimp.lib(IQMImporter.obj) : error LNK2001: unresolved external symbol __imp___calloc_dbg
assimp.lib(ProcessHelper.obj) : error LNK2001: unresolved external symbol __imp___calloc_dbg
assimp.lib(ValidateDataStructure.obj) : error LNK2001: unresolved external symbol __imp___calloc_dbg
assimp.lib(PostStepRegistry.obj) : error LNK2001: unresolved external symbol __imp___calloc_dbg
assimp.lib(ObjFileImporter.obj) : error LNK2001: unresolved external symbol __imp___calloc_dbg
assimp.lib(ColladaLoader.obj) : error LNK2001: unresolved external symbol __imp___calloc_dbg
assimp.lib(Importer.obj) : error LNK2001: unresolved external symbol __imp___calloc_dbg
assimp.lib(MaterialSystem.obj) : error LNK2001: unresolved external symbol __imp___calloc_dbg
assimp.lib(DefaultLogger.obj) : error LNK2001: unresolved external symbol __imp___calloc_dbg
assimp.lib(BaseImporter.obj) : error LNK2001: unresolved external symbol __imp___calloc_dbg
assimp.lib(FBXDeformer.obj) : error LNK2001: unresolved external symbol __imp___CrtDbgReport
assimp.lib(FBXMeshGeometry.obj) : error LNK2001: unresolved external symbol __imp___CrtDbgReport
assimp.lib(FBXNodeAttribute.obj) : error LNK2001: unresolved external symbol __imp___CrtDbgReport
assimp.lib(FBXModel.obj) : error LNK2001: unresolved external symbol __imp___CrtDbgReport
assimp.lib(FBXMaterial.obj) : error LNK2001: unresolved external symbol __imp___CrtDbgReport
assimp.lib(FBXAnimation.obj) : error LNK2001: unresolved external symbol __imp___CrtDbgReport
assimp.lib(ColladaHelper.obj) : error LNK2001: unresolved external symbol __imp___CrtDbgReport
assimp.lib(Subdivision.obj) : error LNK2001: unresolved external symbol __imp___CrtDbgReport
assimp.lib(FBXUtil.obj) : error LNK2001: unresolved external symbol __imp___CrtDbgReport
assimp.lib(FBXDocumentUtil.obj) : error LNK2001: unresolved external symbol __imp___CrtDbgReport
assimp.lib(FBXDocument.obj) : error LNK2001: unresolved external symbol __imp___CrtDbgReport
assimp.lib(FBXConverter.obj) : error LNK2001: unresolved external symbol __imp___CrtDbgReport
assimp.lib(SceneCombiner.obj) : error LNK2001: unresolved external symbol __imp___CrtDbgReport
assimp.lib(ObjFileMtlImporter.obj) : error LNK2001: unresolved external symbol __imp___CrtDbgReport
assimp.lib(FBXTokenizer.obj) : error LNK2001: unresolved external symbol __imp___CrtDbgReport
assimp.lib(FBXBinaryTokenizer.obj) : error LNK2001: unresolved external symbol __imp___CrtDbgReport
assimp.lib(FBXParser.obj) : error LNK2001: unresolved external symbol __imp___CrtDbgReport
assimp.lib(FBXProperties.obj) : error LNK2001: unresolved external symbol __imp___CrtDbgReport
assimp.lib(BlenderCustomData.obj) : error LNK2001: unresolved external symbol __imp___CrtDbgReport
assimp.lib(BlenderModifier.obj) : error LNK2001: unresolved external symbol __imp___CrtDbgReport
assimp.lib(Compression.obj) : error LNK2001: unresolved external symbol __imp___CrtDbgReport
assimp.lib(BlenderScene.obj) : error LNK2001: unresolved external symbol __imp___CrtDbgReport
assimp.lib(ColladaParser.obj) : error LNK2001: unresolved external symbol __imp___CrtDbgReport
assimp.lib(SkeletonMeshBuilder.obj) : error LNK2001: unresolved external symbol __imp___CrtDbgReport
assimp.lib(ZipArchiveIOSystem.obj) : error LNK2001: unresolved external symbol __imp___CrtDbgReport
assimp.lib(BlenderDNA.obj) : error LNK2001: unresolved external symbol __imp___CrtDbgReport
assimp.lib(SplitByBoneCountProcess.obj) : error LNK2001: unresolved external symbol __imp___CrtDbgReport
assimp.lib(DeboneProcess.obj) : error LNK2001: unresolved external symbol __imp___CrtDbgReport
assimp.lib(ArmaturePopulate.obj) : error LNK2001: unresolved external symbol __imp___CrtDbgReport
assimp.lib(ObjFileParser.obj) : error LNK2001: unresolved external symbol __imp___CrtDbgReport
assimp.lib(TextureTransform.obj) : error LNK2001: unresolved external symbol __imp___CrtDbgReport
assimp.lib(FindInstancesProcess.obj) : error LNK2001: unresolved external symbol __imp___CrtDbgReport
assimp.lib(OptimizeMeshes.obj) : error LNK2001: unresolved external symbol __imp___CrtDbgReport
assimp.lib(OptimizeGraph.obj) : error LNK2001: unresolved external symbol __imp___CrtDbgReport
assimp.lib(FindInvalidDataProcess.obj) : error LNK2001: unresolved external symbol __imp___CrtDbgReport
assimp.lib(FindDegenerates.obj) : error LNK2001: unresolved external symbol __imp___CrtDbgReport
assimp.lib(SortByPTypeProcess.obj) : error LNK2001: unresolved external symbol __imp___CrtDbgReport
assimp.lib(ComputeUVMappingProcess.obj) : error LNK2001: unresolved external symbol __imp___CrtDbgReport
assimp.lib(ImproveCacheLocality.obj) : error LNK2001: unresolved external symbol __imp___CrtDbgReport
assimp.lib(FixNormalsStep.obj) : error LNK2001: unresolved external symbol __imp___CrtDbgReport
assimp.lib(RemoveRedundantMaterials.obj) : error LNK2001: unresolved external symbol __imp___CrtDbgReport
assimp.lib(EmbedTexturesProcess.obj) : error LNK2001: unresolved external symbol __imp___CrtDbgReport
assimp.lib(RemoveVCProcess.obj) : error LNK2001: unresolved external symbol __imp___CrtDbgReport
assimp.lib(SplitLargeMeshes.obj) : error LNK2001: unresolved external symbol __imp___CrtDbgReport
assimp.lib(PretransformVertices.obj) : error LNK2001: unresolved external symbol __imp___CrtDbgReport
assimp.lib(LimitBoneWeightsProcess.obj) : error LNK2001: unresolved external symbol __imp___CrtDbgReport
assimp.lib(TriangulateProcess.obj) : error LNK2001: unresolved external symbol __imp___CrtDbgReport
assimp.lib(DropFaceNormalsProcess.obj) : error LNK2001: unresolved external symbol __imp___CrtDbgReport
assimp.lib(GenFaceNormalsProcess.obj) : error LNK2001: unresolved external symbol __imp___CrtDbgReport
assimp.lib(GenVertexNormalsProcess.obj) : error LNK2001: unresolved external symbol __imp___CrtDbgReport
assimp.lib(SpatialSort.obj) : error LNK2001: unresolved external symbol __imp___CrtDbgReport
assimp.lib(ProcessHelper.obj) : error LNK2001: unresolved external symbol __imp___CrtDbgReport
assimp.lib(CalcTangentsProcess.obj) : error LNK2001: unresolved external symbol __imp___CrtDbgReport
assimp.lib(JoinVerticesProcess.obj) : error LNK2001: unresolved external symbol __imp___CrtDbgReport
assimp.lib(BlenderLoader.obj) : error LNK2001: unresolved external symbol __imp___CrtDbgReport
assimp.lib(FBXImporter.obj) : error LNK2001: unresolved external symbol __imp___CrtDbgReport
assimp.lib(AssbinLoader.obj) : error LNK2001: unresolved external symbol __imp___CrtDbgReport
assimp.lib(IQMImporter.obj) : error LNK2001: unresolved external symbol __imp___CrtDbgReport
assimp.lib(scene.obj) : error LNK2001: unresolved external symbol __imp___CrtDbgReport
assimp.lib(DefaultIOStream.obj) : error LNK2001: unresolved external symbol __imp___CrtDbgReport
assimp.lib(ObjFileImporter.obj) : error LNK2001: unresolved external symbol __imp___CrtDbgReport
assimp.lib(ColladaLoader.obj) : error LNK2001: unresolved external symbol __imp___CrtDbgReport
assimp.lib(ValidateDataStructure.obj) : error LNK2001: unresolved external symbol __imp___CrtDbgReport
assimp.lib(ImporterRegistry.obj) : error LNK2001: unresolved external symbol __imp___CrtDbgReport
assimp.lib(PostStepRegistry.obj) : error LNK2001: unresolved external symbol __imp___CrtDbgReport
assimp.lib(Exceptional.obj) : error LNK2001: unresolved external symbol __imp___CrtDbgReport
assimp.lib(DefaultLogger.obj) : error LNK2001: unresolved external symbol __imp___CrtDbgReport
assimp.lib(BaseImporter.obj) : error LNK2001: unresolved external symbol __imp___CrtDbgReport
assimp.lib(DefaultIOSystem.obj) : error LNK2001: unresolved external symbol __imp___CrtDbgReport
assimp.lib(IOSystem.obj) : error LNK2001: unresolved external symbol __imp___CrtDbgReport
assimp.lib(Importer.obj) : error LNK2001: unresolved external symbol __imp___CrtDbgReport
assimp.lib(MaterialSystem.obj) : error LNK2001: unresolved external symbol __imp___CrtDbgReport
assimp.lib(Version.obj) : error LNK2001: unresolved external symbol __imp___CrtDbgReport
assimp.lib(BaseProcess.obj) : error LNK2001: unresolved external symbol __imp___CrtDbgReport
bin\Release\Sandbox.exe : fatal error LNK1120: 3 unresolved externals
